{
  "RSpec": {
    "coverage": {
      "/Users/monteirobrena/Google Drive/development/future_job/paywith/projects/bookstore/bookstore-api/app/models/author.rb": {
        "lines": [
          1,
          1,
          null,
          1,
          1,
          null,
          2,
          null
        ]
      },
      "/Users/monteirobrena/Google Drive/development/future_job/paywith/projects/bookstore/bookstore-api/app/models/application_record.rb": {
        "lines": [
          1,
          1,
          null
        ]
      },
      "/Users/monteirobrena/Google Drive/development/future_job/paywith/projects/bookstore/bookstore-api/spec/models/book_spec.rb": {
        "lines": [
          1,
          null,
          1,
          1,
          2,
          2,
          2,
          null,
          null,
          1,
          2,
          2,
          null,
          1,
          2,
          2,
          null,
          null,
          null
        ]
      },
      "/Users/monteirobrena/Google Drive/development/future_job/paywith/projects/bookstore/bookstore-api/app/models/book.rb": {
        "lines": [
          1,
          1,
          null,
          1,
          1,
          null
        ]
      },
      "/Users/monteirobrena/Google Drive/development/future_job/paywith/projects/bookstore/bookstore-api/spec/models/publishing_house_spec.rb": {
        "lines": [
          1,
          null,
          1,
          1,
          2,
          null,
          2,
          null,
          null,
          1,
          2,
          null,
          null
        ]
      },
      "/Users/monteirobrena/Google Drive/development/future_job/paywith/projects/bookstore/bookstore-api/app/models/publishing_house.rb": {
        "lines": [
          1,
          1,
          null,
          1,
          null
        ]
      }
    },
    "timestamp": 1601029645
  }
}
